生成启动时间为 2016-03-30 2:46:58 PM。
     1>项目“c:\Cs2SystemUnpacker\Cs2SystemUnpacker\Cs2SystemUnpacker.vcxproj”在节点 2 上(Build 个目标)。
     1>ClCompile:
         C:\Program Files (x86)\Microsoft Visual Studio 12.0\VC\bin\CL.exe /c /Zi /nologo /W3 /WX- /O2 /Oi /Oy- /GL /D WIN32 /D NDEBUG /D _CONSOLE /D _LIB /D _USING_V110_SDK71_ /D _UNICODE /D UNICODE /Gm- /EHsc /MT /GS /Gy /Zc:wchar_t /Zc:forScope /Fo"Release\\" /Fd"Release\vc120.pdb" /Gd /TP /analyze- /errorReport:prompt Cs2SystemUnpacker.cpp
         Cs2SystemUnpacker.cpp
     1>Cs2SystemUnpacker.cpp(171): warning C4996: 'fopen': This function or variable may be unsafe. Consider using fopen_s instead. To disable deprecation, use _CRT_SECURE_NO_WARNINGS. See online help for details.
                 C:\Program Files (x86)\Microsoft Visual Studio 12.0\VC\include\stdio.h(211) : 参见“fopen”的声明
     1>Cs2SystemUnpacker.cpp(201): warning C4996: 'fopen': This function or variable may be unsafe. Consider using fopen_s instead. To disable deprecation, use _CRT_SECURE_NO_WARNINGS. See online help for details.
                 C:\Program Files (x86)\Microsoft Visual Studio 12.0\VC\include\stdio.h(211) : 参见“fopen”的声明
     1>Cs2SystemUnpacker.cpp(223): warning C4996: 'fopen': This function or variable may be unsafe. Consider using fopen_s instead. To disable deprecation, use _CRT_SECURE_NO_WARNINGS. See online help for details.
                 C:\Program Files (x86)\Microsoft Visual Studio 12.0\VC\include\stdio.h(211) : 参见“fopen”的声明
       Link:
         C:\Program Files (x86)\Microsoft Visual Studio 12.0\VC\bin\link.exe /ERRORREPORT:PROMPT /OUT:"c:\Cs2SystemUnpacker\Release\Cs2SystemUnpacker.exe" /INCREMENTAL:NO /NOLOGO kernel32.lib user32.lib gdi32.lib winspool.lib comdlg32.lib advapi32.lib shell32.lib ole32.lib oleaut32.lib uuid.lib odbc32.lib odbccp32.lib /MANIFEST /MANIFESTUAC:"level='asInvoker' uiAccess='false'" /manifest:embed /DEBUG /PDB:"c:\Cs2SystemUnpacker\Release\Cs2SystemUnpacker.pdb" /SUBSYSTEM:CONSOLE,"5.01" /OPT:REF /OPT:ICF /LTCG /TLBID:1 /DYNAMICBASE /NXCOMPAT /IMPLIB:"c:\Cs2SystemUnpacker\Release\Cs2SystemUnpacker.lib" /MACHINE:X86 /SAFESEH Release\blowfish.obj
         Release\BmpWriter.obj
         Release\Cs2SystemUnpacker.obj
         Release\hgx.obj
         正在生成代码
         已完成代码的生成
     1>zlib.lib(uncompr.obj) : warning LNK4099: 未找到 PDB“vc120.pdb”(使用“zlib.lib(uncompr.obj)”或在“c:\Cs2SystemUnpacker\Release\vc120.pdb”中寻找)；正在链接对象，如同没有调试信息一样
     1>zlib.lib(inflate.obj) : warning LNK4099: 未找到 PDB“vc120.pdb”(使用“zlib.lib(inflate.obj)”或在“c:\Cs2SystemUnpacker\Release\vc120.pdb”中寻找)；正在链接对象，如同没有调试信息一样
     1>zlib.lib(adler32.obj) : warning LNK4099: 未找到 PDB“vc120.pdb”(使用“zlib.lib(adler32.obj)”或在“c:\Cs2SystemUnpacker\Release\vc120.pdb”中寻找)；正在链接对象，如同没有调试信息一样
     1>zlib.lib(crc32.obj) : warning LNK4099: 未找到 PDB“vc120.pdb”(使用“zlib.lib(crc32.obj)”或在“c:\Cs2SystemUnpacker\Release\vc120.pdb”中寻找)；正在链接对象，如同没有调试信息一样
     1>zlib.lib(zutil.obj) : warning LNK4099: 未找到 PDB“vc120.pdb”(使用“zlib.lib(zutil.obj)”或在“c:\Cs2SystemUnpacker\Release\vc120.pdb”中寻找)；正在链接对象，如同没有调试信息一样
     1>zlib.lib(inftrees.obj) : warning LNK4099: 未找到 PDB“vc120.pdb”(使用“zlib.lib(inftrees.obj)”或在“c:\Cs2SystemUnpacker\Release\vc120.pdb”中寻找)；正在链接对象，如同没有调试信息一样
         Cs2SystemUnpacker.vcxproj -> c:\Cs2SystemUnpacker\Release\Cs2SystemUnpacker.exe
     1>已完成生成项目“c:\Cs2SystemUnpacker\Cs2SystemUnpacker\Cs2SystemUnpacker.vcxproj”(Build 个目标)的操作。

生成成功。

已用时间 00:00:04.50
