生成启动时间为 2014/11/9 13:55:26。
     1>项目“C:\Users\X'moe\Documents\Visual Studio 2010\Projects\xmoe_white\xmoe_white\xmoe_white.vcxproj”在节点 2 上(Build 个目标)。
     1>InitializeBuildStatus:
         正在对“Release\xmoe_white.unsuccessfulbuild”执行 Touch 任务。
       ClCompile:
         所有输出均为最新。
         C:\Program Files (x86)\Microsoft Visual Studio 11.0\VC\bin\CL.exe /c /Zi /nologo /W3 /WX- /O2 /Oi /Oy- /GL /D WIN32 /D NDEBUG /D _WINDOWS /D _USRDLL /D XMOE_WHITE_EXPORTS /D _USING_V110_SDK71_ /D _WINDLL /D _UNICODE /D UNICODE /Gm- /EHsc /MT /GS /Gy /fp:precise /Zc:wchar_t /Zc:forScope /Fo"Release\\" /Fd"Release\vc110.pdb" /Gd /TP /analyze- /errorReport:prompt dllmain.cpp
         dllmain.cpp
         所有输出均为最新。
       Link:
         C:\Program Files (x86)\Microsoft Visual Studio 11.0\VC\bin\link.exe /ERRORREPORT:PROMPT /OUT:"C:\Users\X'moe\Documents\Visual Studio 2010\Projects\xmoe_white\Release\xmoe_white.dll" /INCREMENTAL:NO /NOLOGO /MANIFEST /MANIFESTUAC:"level='asInvoker' uiAccess='false'" /manifest:embed /manifestinput:"C:\Program Files (x86)\Microsoft Visual Studio 11.0\VC\Include\Manifest\dpiaware.manifest" /DEBUG /PDB:"C:\Users\X'moe\Documents\Visual Studio 2010\Projects\xmoe_white\Release\xmoe_white.pdb" /SUBSYSTEM:WINDOWS,"5.01" /OPT:REF /OPT:ICF /LTCG /TLBID:1 /DYNAMICBASE /NXCOMPAT /IMPLIB:"C:\Users\X'moe\Documents\Visual Studio 2010\Projects\xmoe_white\Release\xmoe_white.lib" /MACHINE:X86 /SAFESEH /DLL Release\dllmain.obj
         Release\stdafx.obj
         Release\xmoe_white.obj
         正在生成代码
         已完成代码的生成
         xmoe_white.vcxproj -> C:\Users\X'moe\Documents\Visual Studio 2010\Projects\xmoe_white\Release\xmoe_white.dll
       FinalizeBuildStatus:
         正在删除文件“Release\xmoe_white.unsuccessfulbuild”。
         正在对“Release\xmoe_white.lastbuildstate”执行 Touch 任务。
     1>已完成生成项目“C:\Users\X'moe\Documents\Visual Studio 2010\Projects\xmoe_white\xmoe_white\xmoe_white.vcxproj”(Build 个目标)的操作。

生成成功。

已用时间 00:00:03.57
